{
"contracts\\ConvertPrice.sol":{"l":{"30":150,"41":95,"42":95,"52":99,"62":98,"68":9},"path":"E:\\work\\web3task\\solidity\\task3\\contracts\\ConvertPrice.sol","s":{"1":95,"2":95,"3":99,"4":98,"5":9},"b":{"1":[150,1],"2":[9,0]},"f":{"1":150,"2":95,"3":99,"4":9},"fnMap":{"1":{"name":"aggregatorV3Interface","line":29,"loc":{"start":{"line":26,"column":4},"end":{"line":31,"column":4}}},"2":{"name":"convert","line":37,"loc":{"start":{"line":37,"column":4},"end":{"line":43,"column":4}}},"3":{"name":"getChainlinkDataFeedLatestAnswer","line":48,"loc":{"start":{"line":48,"column":4},"end":{"line":63,"column":4}}},"4":{"name":"__ConvertPrice_init","line":67,"loc":{"start":{"line":67,"column":4},"end":{"line":69,"column":4}}}},"statementMap":{"1":{"start":{"line":41,"column":8},"end":{"line":41,"column":66}},"2":{"start":{"line":42,"column":8},"end":{"line":42,"column":40}},"3":{"start":{"line":52,"column":8},"end":{"line":52,"column":1824}},"4":{"start":{"line":62,"column":8},"end":{"line":62,"column":21}},"5":{"start":{"line":68,"column":8},"end":{"line":68,"column":35}}},"branchMap":{"1":{"line":29,"type":"if","locations":[{"start":{"line":29,"column":15},"end":{"line":29,"column":15}},{"start":{"line":29,"column":15},"end":{"line":29,"column":15}}]},"2":{"line":67,"type":"if","locations":[{"start":{"line":67,"column":42},"end":{"line":67,"column":42}},{"start":{"line":67,"column":42},"end":{"line":67,"column":42}}]}}},
"contracts\\MockUSDC.sol":{"l":{"14":2,"22":12},"path":"E:\\work\\web3task\\solidity\\task3\\contracts\\MockUSDC.sol","s":{"1":2,"2":12},"b":{},"f":{"1":2,"2":12},"fnMap":{"1":{"name":"constructor","line":13,"loc":{"start":{"line":13,"column":4},"end":{"line":15,"column":4}}},"2":{"name":"mint","line":21,"loc":{"start":{"line":21,"column":4},"end":{"line":23,"column":4}}}},"statementMap":{"1":{"start":{"line":14,"column":8},"end":{"line":14,"column":54}},"2":{"start":{"line":22,"column":8},"end":{"line":22,"column":26}}},"branchMap":{}},
"contracts\\MyNFT.sol":{"l":{"32":119,"33":118,"34":117,"43":4,"54":3,"55":3,"56":3,"57":3},"path":"E:\\work\\web3task\\solidity\\task3\\contracts\\MyNFT.sol","s":{"1":119,"2":118,"3":4,"4":3,"5":3,"6":3,"7":3},"b":{"1":[119,1],"2":[119,0],"3":[1,118],"4":[3,1],"5":[4,1]},"f":{"1":119,"2":4,"3":3,"4":4},"fnMap":{"1":{"name":"MintNFT","line":31,"loc":{"start":{"line":27,"column":4},"end":{"line":35,"column":4}}},"2":{"name":"tokenURI","line":40,"loc":{"start":{"line":40,"column":4},"end":{"line":44,"column":4}}},"3":{"name":"__MyNFT_init","line":53,"loc":{"start":{"line":50,"column":4},"end":{"line":58,"column":4}}},"4":{"name":"_authorizeUpgrade","line":65,"loc":{"start":{"line":63,"column":4},"end":{"line":65,"column":43}}}},"statementMap":{"1":{"start":{"line":32,"column":8},"end":{"line":32,"column":69}},"2":{"start":{"line":33,"column":8},"end":{"line":33,"column":29}},"3":{"start":{"line":43,"column":8},"end":{"line":43,"column":33}},"4":{"start":{"line":54,"column":8},"end":{"line":54,"column":35}},"5":{"start":{"line":55,"column":8},"end":{"line":55,"column":36}},"6":{"start":{"line":56,"column":8},"end":{"line":56,"column":31}},"7":{"start":{"line":57,"column":8},"end":{"line":57,"column":31}}},"branchMap":{"1":{"line":31,"type":"if","locations":[{"start":{"line":31,"column":15},"end":{"line":31,"column":15}},{"start":{"line":31,"column":15},"end":{"line":31,"column":15}}]},"2":{"line":31,"type":"if","locations":[{"start":{"line":31,"column":25},"end":{"line":31,"column":25}},{"start":{"line":31,"column":25},"end":{"line":31,"column":25}}]},"3":{"line":32,"type":"if","locations":[{"start":{"line":32,"column":8},"end":{"line":32,"column":8}},{"start":{"line":32,"column":8},"end":{"line":32,"column":8}}]},"4":{"line":53,"type":"if","locations":[{"start":{"line":53,"column":13},"end":{"line":53,"column":13}},{"start":{"line":53,"column":13},"end":{"line":53,"column":13}}]},"5":{"line":65,"type":"if","locations":[{"start":{"line":65,"column":32},"end":{"line":65,"column":32}},{"start":{"line":65,"column":32},"end":{"line":65,"column":32}}]}}},
"contracts\\MyNFTV2.sol":{"l":{"15":1},"path":"E:\\work\\web3task\\solidity\\task3\\contracts\\MyNFTV2.sol","s":{"1":1},"b":{},"f":{"1":1},"fnMap":{"1":{"name":"Hello","line":14,"loc":{"start":{"line":14,"column":4},"end":{"line":16,"column":4}}}},"statementMap":{"1":{"start":{"line":15,"column":8},"end":{"line":15,"column":33}}},"branchMap":{}},
"contracts\\NFTAuction.sol":{"l":{"209":68,"210":2,"212":66,"215":2,"222":64,"224":64,"226":62,"227":62,"228":8,"231":62,"244":62,"246":62,"259":52,"260":2,"262":50,"263":36,"265":50,"266":2,"268":48,"269":48,"270":0,"272":48,"273":0,"275":48,"276":48,"278":48,"280":36,"286":10,"291":2,"295":46,"297":36,"303":10,"310":0,"312":46,"313":2,"316":44,"317":10,"320":44,"321":4,"322":4,"323":2,"327":2,"332":4,"333":0,"337":44,"338":44,"339":44,"341":44,"353":18,"354":18,"355":2,"357":16,"358":2,"361":14,"364":14,"365":12,"372":12,"373":12,"374":12,"377":12,"378":12,"380":10,"381":10,"382":10,"383":10,"387":2,"388":2,"389":2,"390":2,"393":12,"394":0,"397":2,"404":14,"405":14,"406":14,"410":14,"423":12,"424":12,"425":2,"428":10,"429":0,"431":10,"432":2,"435":8,"436":8,"437":6,"438":6,"439":4,"443":2,"448":6,"449":0,"452":8,"458":8,"473":2,"474":2,"475":2,"476":2,"477":2,"484":4,"491":4,"492":2,"494":2,"495":2,"496":2,"504":22,"510":4,"511":4,"513":4,"514":2,"518":2,"519":2,"522":2,"523":2,"524":2,"525":0,"530":2,"531":0,"532":0,"533":0,"534":0,"538":2,"557":62},"path":"E:\\work\\web3task\\solidity\\task3\\contracts\\NFTAuction.sol","s":{"1":68,"2":66,"3":64,"4":64,"5":62,"6":62,"7":62,"8":52,"9":50,"10":50,"11":48,"12":48,"13":48,"14":48,"15":48,"16":48,"17":12,"18":46,"19":10,"20":46,"21":44,"22":10,"23":44,"24":4,"25":4,"26":4,"27":44,"28":18,"29":18,"30":16,"31":14,"32":12,"33":12,"34":12,"35":12,"36":12,"37":12,"38":10,"39":10,"40":2,"41":2,"42":12,"43":2,"44":14,"45":14,"46":14,"47":14,"48":12,"49":12,"50":10,"51":10,"52":8,"53":6,"54":6,"55":6,"56":8,"57":8,"58":2,"59":2,"60":2,"61":2,"62":4,"63":2,"64":2,"65":22,"66":4,"67":4,"68":4,"69":2,"70":2,"71":2,"72":2,"73":0,"74":0,"75":0,"76":2,"77":62},"b":{"1":[68,0],"2":[2,66],"3":[2,64],"4":[2,0],"5":[8,54],"6":[52,0],"7":[2,50],"8":[36,14],"9":[2,48],"10":[0,48],"11":[0,48],"12":[0,0],"13":[36,12],"14":[10,2],"15":[36,10],"16":[10,0],"17":[2,44],"18":[10,34],"19":[4,40],"20":[2,2],"21":[0,4],"22":[18,0],"23":[2,16],"24":[2,14],"25":[12,2],"26":[10,2],"27":[10,0],"28":[2,0],"29":[0,12],"30":[12,2],"31":[12,2],"32":[12,0],"33":[2,10],"34":[0,10],"35":[2,8],"36":[6,2],"37":[4,2],"38":[0,6],"39":[2,0],"40":[4,2],"41":[4,2],"42":[2,2],"43":[4,2],"44":[4,0],"45":[2,2],"46":[2,0],"47":[0,2],"48":[0,2],"49":[0,0],"50":[35,0]},"f":{"1":68,"2":52,"3":18,"4":12,"5":0,"6":2,"7":4,"8":4,"9":22,"10":4,"11":35,"12":62},"fnMap":{"1":{"name":"createAuction","line":208,"loc":{"start":{"line":202,"column":4},"end":{"line":247,"column":4}}},"2":{"name":"placeBid","line":258,"loc":{"start":{"line":254,"column":4},"end":{"line":347,"column":4}}},"3":{"name":"endAuction","line":352,"loc":{"start":{"line":352,"column":4},"end":{"line":417,"column":4}}},"4":{"name":"cancelAuction","line":422,"loc":{"start":{"line":422,"column":4},"end":{"line":459,"column":4}}},"5":{"name":null,"line":463,"loc":{"start":{"line":463,"column":4},"end":{"line":463,"column":33}}},"6":{"name":"__NFTAuction_init","line":472,"loc":{"start":{"line":472,"column":4},"end":{"line":478,"column":4}}},"7":{"name":"setUsdcTokenAddress","line":483,"loc":{"start":{"line":483,"column":4},"end":{"line":485,"column":4}}},"8":{"name":"setFeeRate","line":490,"loc":{"start":{"line":490,"column":4},"end":{"line":497,"column":4}}},"9":{"name":"calculateFee","line":503,"loc":{"start":{"line":503,"column":4},"end":{"line":505,"column":4}}},"10":{"name":"withdrawFees","line":509,"loc":{"start":{"line":509,"column":4},"end":{"line":539,"column":4}}},"11":{"name":"_authorizeUpgrade","line":546,"loc":{"start":{"line":544,"column":4},"end":{"line":546,"column":43}}},"12":{"name":"onERC721Received","line":551,"loc":{"start":{"line":551,"column":4},"end":{"line":558,"column":4}}}},"statementMap":{"1":{"start":{"line":209,"column":8},"end":{"line":209,"column":6122}},"2":{"start":{"line":212,"column":8},"end":{"line":212,"column":6225}},"3":{"start":{"line":222,"column":8},"end":{"line":222,"column":41}},"4":{"start":{"line":224,"column":8},"end":{"line":224,"column":71}},"5":{"start":{"line":226,"column":8},"end":{"line":226,"column":44}},"6":{"start":{"line":227,"column":8},"end":{"line":227,"column":6673}},"7":{"start":{"line":246,"column":8},"end":{"line":246,"column":38}},"8":{"start":{"line":259,"column":8},"end":{"line":259,"column":7684}},"9":{"start":{"line":262,"column":8},"end":{"line":262,"column":7791}},"10":{"start":{"line":265,"column":8},"end":{"line":265,"column":7882}},"11":{"start":{"line":268,"column":8},"end":{"line":268,"column":54}},"12":{"start":{"line":269,"column":8},"end":{"line":269,"column":8016}},"13":{"start":{"line":272,"column":8},"end":{"line":272,"column":8137}},"14":{"start":{"line":275,"column":8},"end":{"line":275,"column":34}},"15":{"start":{"line":276,"column":8},"end":{"line":276,"column":35}},"16":{"start":{"line":278,"column":8},"end":{"line":278,"column":8356}},"17":{"start":{"line":284,"column":15},"end":{"line":284,"column":8570}},"18":{"start":{"line":295,"column":8},"end":{"line":295,"column":8907}},"19":{"start":{"line":301,"column":15},"end":{"line":301,"column":9136}},"20":{"start":{"line":312,"column":8},"end":{"line":312,"column":9563}},"21":{"start":{"line":316,"column":8},"end":{"line":316,"column":9724}},"22":{"start":{"line":317,"column":12},"end":{"line":317,"column":77}},"23":{"start":{"line":320,"column":8},"end":{"line":320,"column":9890}},"24":{"start":{"line":321,"column":12},"end":{"line":321,"column":24}},"25":{"start":{"line":322,"column":12},"end":{"line":322,"column":9986}},"26":{"start":{"line":332,"column":12},"end":{"line":332,"column":10378}},"27":{"start":{"line":341,"column":8},"end":{"line":341,"column":10632}},"28":{"start":{"line":353,"column":8},"end":{"line":353,"column":54}},"29":{"start":{"line":354,"column":8},"end":{"line":354,"column":11013}},"30":{"start":{"line":357,"column":8},"end":{"line":357,"column":11129}},"31":{"start":{"line":364,"column":8},"end":{"line":364,"column":11267}},"32":{"start":{"line":365,"column":12},"end":{"line":365,"column":11336}},"33":{"start":{"line":372,"column":12},"end":{"line":372,"column":58}},"34":{"start":{"line":373,"column":12},"end":{"line":373,"column":63}},"35":{"start":{"line":374,"column":12},"end":{"line":374,"column":64}},"36":{"start":{"line":377,"column":12},"end":{"line":377,"column":24}},"37":{"start":{"line":378,"column":12},"end":{"line":378,"column":11795}},"38":{"start":{"line":381,"column":16},"end":{"line":381,"column":11967}},"39":{"start":{"line":383,"column":20},"end":{"line":383,"column":88}},"40":{"start":{"line":388,"column":16},"end":{"line":388,"column":12315}},"41":{"start":{"line":390,"column":20},"end":{"line":390,"column":103}},"42":{"start":{"line":393,"column":12},"end":{"line":393,"column":12545}},"43":{"start":{"line":397,"column":12},"end":{"line":397,"column":12649}},"44":{"start":{"line":404,"column":8},"end":{"line":404,"column":46}},"45":{"start":{"line":405,"column":8},"end":{"line":405,"column":76}},"46":{"start":{"line":406,"column":8},"end":{"line":406,"column":12963}},"47":{"start":{"line":410,"column":8},"end":{"line":410,"column":13069}},"48":{"start":{"line":423,"column":8},"end":{"line":423,"column":54}},"49":{"start":{"line":424,"column":8},"end":{"line":424,"column":13455}},"50":{"start":{"line":428,"column":8},"end":{"line":428,"column":13579}},"51":{"start":{"line":431,"column":8},"end":{"line":431,"column":13663}},"52":{"start":{"line":436,"column":8},"end":{"line":436,"column":13801}},"53":{"start":{"line":437,"column":12},"end":{"line":437,"column":24}},"54":{"start":{"line":438,"column":12},"end":{"line":438,"column":13897}},"55":{"start":{"line":448,"column":12},"end":{"line":448,"column":14289}},"56":{"start":{"line":452,"column":8},"end":{"line":452,"column":14378}},"57":{"start":{"line":458,"column":8},"end":{"line":458,"column":55}},"58":{"start":{"line":473,"column":8},"end":{"line":473,"column":31}},"59":{"start":{"line":474,"column":8},"end":{"line":474,"column":28}},"60":{"start":{"line":475,"column":8},"end":{"line":475,"column":31}},"61":{"start":{"line":476,"column":8},"end":{"line":476,"column":45}},"62":{"start":{"line":491,"column":8},"end":{"line":491,"column":15572}},"63":{"start":{"line":494,"column":8},"end":{"line":494,"column":36}},"64":{"start":{"line":496,"column":8},"end":{"line":496,"column":49}},"65":{"start":{"line":504,"column":8},"end":{"line":504,"column":53}},"66":{"start":{"line":510,"column":8},"end":{"line":510,"column":38}},"67":{"start":{"line":511,"column":8},"end":{"line":511,"column":40}},"68":{"start":{"line":513,"column":8},"end":{"line":513,"column":16264}},"69":{"start":{"line":522,"column":8},"end":{"line":522,"column":16463}},"70":{"start":{"line":523,"column":12},"end":{"line":523,"column":72}},"71":{"start":{"line":524,"column":12},"end":{"line":524,"column":16574}},"72":{"start":{"line":530,"column":8},"end":{"line":530,"column":16689}},"73":{"start":{"line":531,"column":12},"end":{"line":531,"column":50}},"74":{"start":{"line":532,"column":12},"end":{"line":532,"column":66}},"75":{"start":{"line":533,"column":12},"end":{"line":533,"column":16848}},"76":{"start":{"line":538,"column":8},"end":{"line":538,"column":54}},"77":{"start":{"line":557,"column":8},"end":{"line":557,"column":45}}},"branchMap":{"1":{"line":208,"type":"if","locations":[{"start":{"line":208,"column":15},"end":{"line":208,"column":15}},{"start":{"line":208,"column":15},"end":{"line":208,"column":15}}]},"2":{"line":209,"type":"if","locations":[{"start":{"line":209,"column":8},"end":{"line":209,"column":8}},{"start":{"line":209,"column":8},"end":{"line":209,"column":8}}]},"3":{"line":212,"type":"if","locations":[{"start":{"line":212,"column":8},"end":{"line":212,"column":8}},{"start":{"line":212,"column":8},"end":{"line":212,"column":8}}]},"4":{"line":213,"type":"cond-expr","locations":[{"start":{"line":213,"column":12},"end":{"line":213,"column":43}},{"start":{"line":213,"column":48},"end":{"line":213,"column":78}}]},"5":{"line":227,"type":"if","locations":[{"start":{"line":227,"column":8},"end":{"line":227,"column":8}},{"start":{"line":227,"column":8},"end":{"line":227,"column":8}}]},"6":{"line":258,"type":"if","locations":[{"start":{"line":258,"column":23},"end":{"line":258,"column":23}},{"start":{"line":258,"column":23},"end":{"line":258,"column":23}}]},"7":{"line":259,"type":"if","locations":[{"start":{"line":259,"column":8},"end":{"line":259,"column":8}},{"start":{"line":259,"column":8},"end":{"line":259,"column":8}}]},"8":{"line":262,"type":"if","locations":[{"start":{"line":262,"column":8},"end":{"line":262,"column":8}},{"start":{"line":262,"column":8},"end":{"line":262,"column":8}}]},"9":{"line":265,"type":"if","locations":[{"start":{"line":265,"column":8},"end":{"line":265,"column":8}},{"start":{"line":265,"column":8},"end":{"line":265,"column":8}}]},"10":{"line":269,"type":"if","locations":[{"start":{"line":269,"column":8},"end":{"line":269,"column":8}},{"start":{"line":269,"column":8},"end":{"line":269,"column":8}}]},"11":{"line":272,"type":"if","locations":[{"start":{"line":272,"column":8},"end":{"line":272,"column":8}},{"start":{"line":272,"column":8},"end":{"line":272,"column":8}}]},"12":{"line":272,"type":"cond-expr","locations":[{"start":{"line":272,"column":12},"end":{"line":272,"column":44}},{"start":{"line":272,"column":49},"end":{"line":272,"column":61}}]},"13":{"line":278,"type":"if","locations":[{"start":{"line":278,"column":8},"end":{"line":278,"column":8}},{"start":{"line":278,"column":8},"end":{"line":278,"column":8}}]},"14":{"line":284,"type":"if","locations":[{"start":{"line":284,"column":15},"end":{"line":284,"column":15}},{"start":{"line":284,"column":15},"end":{"line":284,"column":15}}]},"15":{"line":295,"type":"if","locations":[{"start":{"line":295,"column":8},"end":{"line":295,"column":8}},{"start":{"line":295,"column":8},"end":{"line":295,"column":8}}]},"16":{"line":301,"type":"if","locations":[{"start":{"line":301,"column":15},"end":{"line":301,"column":15}},{"start":{"line":301,"column":15},"end":{"line":301,"column":15}}]},"17":{"line":312,"type":"if","locations":[{"start":{"line":312,"column":8},"end":{"line":312,"column":8}},{"start":{"line":312,"column":8},"end":{"line":312,"column":8}}]},"18":{"line":316,"type":"if","locations":[{"start":{"line":316,"column":8},"end":{"line":316,"column":8}},{"start":{"line":316,"column":8},"end":{"line":316,"column":8}}]},"19":{"line":320,"type":"if","locations":[{"start":{"line":320,"column":8},"end":{"line":320,"column":8}},{"start":{"line":320,"column":8},"end":{"line":320,"column":8}}]},"20":{"line":322,"type":"if","locations":[{"start":{"line":322,"column":12},"end":{"line":322,"column":12}},{"start":{"line":322,"column":12},"end":{"line":322,"column":12}}]},"21":{"line":332,"type":"if","locations":[{"start":{"line":332,"column":12},"end":{"line":332,"column":12}},{"start":{"line":332,"column":12},"end":{"line":332,"column":12}}]},"22":{"line":352,"type":"if","locations":[{"start":{"line":352,"column":53},"end":{"line":352,"column":53}},{"start":{"line":352,"column":53},"end":{"line":352,"column":53}}]},"23":{"line":354,"type":"if","locations":[{"start":{"line":354,"column":8},"end":{"line":354,"column":8}},{"start":{"line":354,"column":8},"end":{"line":354,"column":8}}]},"24":{"line":357,"type":"if","locations":[{"start":{"line":357,"column":8},"end":{"line":357,"column":8}},{"start":{"line":357,"column":8},"end":{"line":357,"column":8}}]},"25":{"line":364,"type":"if","locations":[{"start":{"line":364,"column":8},"end":{"line":364,"column":8}},{"start":{"line":364,"column":8},"end":{"line":364,"column":8}}]},"26":{"line":378,"type":"if","locations":[{"start":{"line":378,"column":12},"end":{"line":378,"column":12}},{"start":{"line":378,"column":12},"end":{"line":378,"column":12}}]},"27":{"line":381,"type":"if","locations":[{"start":{"line":381,"column":16},"end":{"line":381,"column":16}},{"start":{"line":381,"column":16},"end":{"line":381,"column":16}}]},"28":{"line":388,"type":"if","locations":[{"start":{"line":388,"column":16},"end":{"line":388,"column":16}},{"start":{"line":388,"column":16},"end":{"line":388,"column":16}}]},"29":{"line":393,"type":"if","locations":[{"start":{"line":393,"column":12},"end":{"line":393,"column":12}},{"start":{"line":393,"column":12},"end":{"line":393,"column":12}}]},"30":{"line":405,"type":"if","locations":[{"start":{"line":405,"column":54},"end":{"line":405,"column":71}},{"start":{"line":405,"column":75},"end":{"line":405,"column":75}}]},"31":{"line":407,"type":"if","locations":[{"start":{"line":407,"column":14},"end":{"line":407,"column":38}},{"start":{"line":408,"column":14},"end":{"line":408,"column":23}}]},"32":{"line":422,"type":"if","locations":[{"start":{"line":422,"column":56},"end":{"line":422,"column":56}},{"start":{"line":422,"column":56},"end":{"line":422,"column":56}}]},"33":{"line":424,"type":"if","locations":[{"start":{"line":424,"column":8},"end":{"line":424,"column":8}},{"start":{"line":424,"column":8},"end":{"line":424,"column":8}}]},"34":{"line":428,"type":"if","locations":[{"start":{"line":428,"column":8},"end":{"line":428,"column":8}},{"start":{"line":428,"column":8},"end":{"line":428,"column":8}}]},"35":{"line":431,"type":"if","locations":[{"start":{"line":431,"column":8},"end":{"line":431,"column":8}},{"start":{"line":431,"column":8},"end":{"line":431,"column":8}}]},"36":{"line":436,"type":"if","locations":[{"start":{"line":436,"column":8},"end":{"line":436,"column":8}},{"start":{"line":436,"column":8},"end":{"line":436,"column":8}}]},"37":{"line":438,"type":"if","locations":[{"start":{"line":438,"column":12},"end":{"line":438,"column":12}},{"start":{"line":438,"column":12},"end":{"line":438,"column":12}}]},"38":{"line":448,"type":"if","locations":[{"start":{"line":448,"column":12},"end":{"line":448,"column":12}},{"start":{"line":448,"column":12},"end":{"line":448,"column":12}}]},"39":{"line":472,"type":"if","locations":[{"start":{"line":472,"column":65},"end":{"line":472,"column":65}},{"start":{"line":472,"column":65},"end":{"line":472,"column":65}}]},"40":{"line":483,"type":"if","locations":[{"start":{"line":483,"column":67},"end":{"line":483,"column":67}},{"start":{"line":483,"column":67},"end":{"line":483,"column":67}}]},"41":{"line":490,"type":"if","locations":[{"start":{"line":490,"column":51},"end":{"line":490,"column":51}},{"start":{"line":490,"column":51},"end":{"line":490,"column":51}}]},"42":{"line":491,"type":"if","locations":[{"start":{"line":491,"column":8},"end":{"line":491,"column":8}},{"start":{"line":491,"column":8},"end":{"line":491,"column":8}}]},"43":{"line":509,"type":"if","locations":[{"start":{"line":509,"column":37},"end":{"line":509,"column":37}},{"start":{"line":509,"column":37},"end":{"line":509,"column":37}}]},"44":{"line":509,"type":"if","locations":[{"start":{"line":509,"column":47},"end":{"line":509,"column":47}},{"start":{"line":509,"column":47},"end":{"line":509,"column":47}}]},"45":{"line":513,"type":"if","locations":[{"start":{"line":513,"column":8},"end":{"line":513,"column":8}},{"start":{"line":513,"column":8},"end":{"line":513,"column":8}}]},"46":{"line":522,"type":"if","locations":[{"start":{"line":522,"column":8},"end":{"line":522,"column":8}},{"start":{"line":522,"column":8},"end":{"line":522,"column":8}}]},"47":{"line":524,"type":"if","locations":[{"start":{"line":524,"column":12},"end":{"line":524,"column":12}},{"start":{"line":524,"column":12},"end":{"line":524,"column":12}}]},"48":{"line":530,"type":"if","locations":[{"start":{"line":530,"column":8},"end":{"line":530,"column":8}},{"start":{"line":530,"column":8},"end":{"line":530,"column":8}}]},"49":{"line":533,"type":"if","locations":[{"start":{"line":533,"column":12},"end":{"line":533,"column":12}},{"start":{"line":533,"column":12},"end":{"line":533,"column":12}}]},"50":{"line":546,"type":"if","locations":[{"start":{"line":546,"column":32},"end":{"line":546,"column":32}},{"start":{"line":546,"column":32},"end":{"line":546,"column":32}}]}}},
"contracts\\NFTAuctionFactory.sol":{"l":{"31":1,"32":1,"49":15,"57":15,"60":15,"62":15,"63":15,"64":15,"66":15,"67":15,"73":6,"80":5},"path":"E:\\work\\web3task\\solidity\\task3\\contracts\\NFTAuctionFactory.sol","s":{"1":1,"2":1,"3":15,"4":15,"5":15,"6":15,"7":15,"8":15,"9":6,"10":5},"b":{"1":[1,0],"2":[15,2],"3":[15,0]},"f":{"1":1,"2":15,"3":6,"4":5},"fnMap":{"1":{"name":"__NFTAuctionFactory_init","line":30,"loc":{"start":{"line":30,"column":4},"end":{"line":33,"column":4}}},"2":{"name":"createAuction","line":47,"loc":{"start":{"line":42,"column":4},"end":{"line":68,"column":4}}},"3":{"name":"getAuctions","line":72,"loc":{"start":{"line":72,"column":4},"end":{"line":74,"column":4}}},"4":{"name":"getAuction","line":79,"loc":{"start":{"line":79,"column":4},"end":{"line":81,"column":4}}}},"statementMap":{"1":{"start":{"line":31,"column":8},"end":{"line":31,"column":35}},"2":{"start":{"line":32,"column":8},"end":{"line":32,"column":31}},"3":{"start":{"line":49,"column":8},"end":{"line":49,"column":1745}},"4":{"start":{"line":57,"column":8},"end":{"line":57,"column":49}},"5":{"start":{"line":60,"column":8},"end":{"line":60,"column":70}},"6":{"start":{"line":62,"column":8},"end":{"line":62,"column":36}},"7":{"start":{"line":66,"column":8},"end":{"line":66,"column":43}},"8":{"start":{"line":67,"column":8},"end":{"line":67,"column":29}},"9":{"start":{"line":73,"column":8},"end":{"line":73,"column":23}},"10":{"start":{"line":80,"column":8},"end":{"line":80,"column":38}}},"branchMap":{"1":{"line":30,"type":"if","locations":[{"start":{"line":30,"column":47},"end":{"line":30,"column":47}},{"start":{"line":30,"column":47},"end":{"line":30,"column":47}}]},"2":{"line":47,"type":"if","locations":[{"start":{"line":47,"column":15},"end":{"line":47,"column":15}},{"start":{"line":47,"column":15},"end":{"line":47,"column":15}}]},"3":{"line":47,"type":"if","locations":[{"start":{"line":47,"column":25},"end":{"line":47,"column":25}},{"start":{"line":47,"column":25},"end":{"line":47,"column":25}}]}}},
"contracts\\NFTAuctionFactoryV2.sol":{"l":{"15":1},"path":"E:\\work\\web3task\\solidity\\task3\\contracts\\NFTAuctionFactoryV2.sol","s":{"1":1},"b":{},"f":{"1":1},"fnMap":{"1":{"name":"Hello","line":14,"loc":{"start":{"line":14,"column":4},"end":{"line":16,"column":4}}}},"statementMap":{"1":{"start":{"line":15,"column":8},"end":{"line":15,"column":49}}},"branchMap":{}},
"contracts\\NFTAuctionV2.sol":{"l":{"15":1,"22":1},"path":"E:\\work\\web3task\\solidity\\task3\\contracts\\NFTAuctionV2.sol","s":{"1":1,"2":1},"b":{"1":[1,0]},"f":{"1":1,"2":1},"fnMap":{"1":{"name":"__NFTAuctionV2_init","line":14,"loc":{"start":{"line":14,"column":4},"end":{"line":16,"column":4}}},"2":{"name":"Hello","line":21,"loc":{"start":{"line":21,"column":4},"end":{"line":23,"column":4}}}},"statementMap":{"1":{"start":{"line":15,"column":8},"end":{"line":15,"column":39}},"2":{"start":{"line":22,"column":8},"end":{"line":22,"column":42}}},"branchMap":{"1":{"line":14,"type":"if","locations":[{"start":{"line":14,"column":63},"end":{"line":14,"column":63}},{"start":{"line":14,"column":63},"end":{"line":14,"column":63}}]}}},
"contracts\\SimpleAuction.sol":{"l":{"66":15,"67":15,"70":15,"82":15,"95":10,"96":9,"97":8,"100":6,"101":3,"105":6,"106":6,"108":6,"114":5,"115":4,"116":4,"118":3,"120":3,"122":1,"129":1,"132":2,"139":3,"145":4,"146":3,"147":2,"149":2,"152":2,"153":1,"157":2,"163":2,"169":11,"175":5},"path":"E:\\work\\web3task\\solidity\\task3\\contracts\\SimpleAuction.sol","s":{"1":15,"2":15,"3":15,"4":10,"5":9,"6":8,"7":6,"8":3,"9":6,"10":5,"11":4,"12":4,"13":3,"14":1,"15":1,"16":2,"17":3,"18":4,"19":3,"20":2,"21":2,"22":1,"23":2,"24":2,"25":11,"26":5},"b":{"1":[15,0],"2":[15,0],"3":[9,1],"4":[8,1],"5":[6,2],"6":[3,3],"7":[4,1],"8":[4,0],"9":[3,1],"10":[1,2],"11":[3,1],"12":[2,1],"13":[2,0],"14":[1,1]},"f":{"1":15,"2":10,"3":5,"4":4,"5":11,"6":5},"fnMap":{"1":{"name":"constructor","line":59,"loc":{"start":{"line":59,"column":4},"end":{"line":90,"column":4}}},"2":{"name":"placeBid","line":94,"loc":{"start":{"line":94,"column":4},"end":{"line":109,"column":4}}},"3":{"name":"endAuction","line":113,"loc":{"start":{"line":113,"column":4},"end":{"line":140,"column":4}}},"4":{"name":"cancelAuction","line":144,"loc":{"start":{"line":144,"column":4},"end":{"line":164,"column":4}}},"5":{"name":"getAuctionInfo","line":168,"loc":{"start":{"line":168,"column":4},"end":{"line":170,"column":4}}},"6":{"name":"isActive","line":174,"loc":{"start":{"line":174,"column":4},"end":{"line":178,"column":4}}}},"statementMap":{"1":{"start":{"line":66,"column":8},"end":{"line":66,"column":60}},"2":{"start":{"line":67,"column":8},"end":{"line":67,"column":49}},"3":{"start":{"line":82,"column":8},"end":{"line":82,"column":2136}},"4":{"start":{"line":95,"column":8},"end":{"line":95,"column":76}},"5":{"start":{"line":96,"column":8},"end":{"line":96,"column":66}},"6":{"start":{"line":97,"column":8},"end":{"line":97,"column":61}},"7":{"start":{"line":100,"column":8},"end":{"line":100,"column":2686}},"8":{"start":{"line":101,"column":12},"end":{"line":101,"column":70}},"9":{"start":{"line":108,"column":8},"end":{"line":108,"column":45}},"10":{"start":{"line":114,"column":8},"end":{"line":114,"column":75}},"11":{"start":{"line":115,"column":8},"end":{"line":115,"column":76}},"12":{"start":{"line":116,"column":8},"end":{"line":116,"column":71}},"13":{"start":{"line":120,"column":8},"end":{"line":120,"column":3339}},"14":{"start":{"line":122,"column":12},"end":{"line":122,"column":3425}},"15":{"start":{"line":129,"column":12},"end":{"line":129,"column":63}},"16":{"start":{"line":132,"column":12},"end":{"line":132,"column":3724}},"17":{"start":{"line":139,"column":8},"end":{"line":139,"column":68}},"18":{"start":{"line":145,"column":8},"end":{"line":145,"column":78}},"19":{"start":{"line":146,"column":8},"end":{"line":146,"column":76}},"20":{"start":{"line":147,"column":8},"end":{"line":147,"column":74}},"21":{"start":{"line":152,"column":8},"end":{"line":152,"column":4352}},"22":{"start":{"line":153,"column":12},"end":{"line":153,"column":70}},"23":{"start":{"line":157,"column":8},"end":{"line":157,"column":4507}},"24":{"start":{"line":163,"column":8},"end":{"line":163,"column":41}},"25":{"start":{"line":169,"column":8},"end":{"line":169,"column":22}},"26":{"start":{"line":175,"column":8},"end":{"line":175,"column":4999}}},"branchMap":{"1":{"line":66,"type":"if","locations":[{"start":{"line":66,"column":8},"end":{"line":66,"column":8}},{"start":{"line":66,"column":8},"end":{"line":66,"column":8}}]},"2":{"line":67,"type":"if","locations":[{"start":{"line":67,"column":8},"end":{"line":67,"column":8}},{"start":{"line":67,"column":8},"end":{"line":67,"column":8}}]},"3":{"line":95,"type":"if","locations":[{"start":{"line":95,"column":8},"end":{"line":95,"column":8}},{"start":{"line":95,"column":8},"end":{"line":95,"column":8}}]},"4":{"line":96,"type":"if","locations":[{"start":{"line":96,"column":8},"end":{"line":96,"column":8}},{"start":{"line":96,"column":8},"end":{"line":96,"column":8}}]},"5":{"line":97,"type":"if","locations":[{"start":{"line":97,"column":8},"end":{"line":97,"column":8}},{"start":{"line":97,"column":8},"end":{"line":97,"column":8}}]},"6":{"line":100,"type":"if","locations":[{"start":{"line":100,"column":8},"end":{"line":100,"column":8}},{"start":{"line":100,"column":8},"end":{"line":100,"column":8}}]},"7":{"line":114,"type":"if","locations":[{"start":{"line":114,"column":8},"end":{"line":114,"column":8}},{"start":{"line":114,"column":8},"end":{"line":114,"column":8}}]},"8":{"line":115,"type":"if","locations":[{"start":{"line":115,"column":8},"end":{"line":115,"column":8}},{"start":{"line":115,"column":8},"end":{"line":115,"column":8}}]},"9":{"line":116,"type":"if","locations":[{"start":{"line":116,"column":8},"end":{"line":116,"column":8}},{"start":{"line":116,"column":8},"end":{"line":116,"column":8}}]},"10":{"line":120,"type":"if","locations":[{"start":{"line":120,"column":8},"end":{"line":120,"column":8}},{"start":{"line":120,"column":8},"end":{"line":120,"column":8}}]},"11":{"line":145,"type":"if","locations":[{"start":{"line":145,"column":8},"end":{"line":145,"column":8}},{"start":{"line":145,"column":8},"end":{"line":145,"column":8}}]},"12":{"line":146,"type":"if","locations":[{"start":{"line":146,"column":8},"end":{"line":146,"column":8}},{"start":{"line":146,"column":8},"end":{"line":146,"column":8}}]},"13":{"line":147,"type":"if","locations":[{"start":{"line":147,"column":8},"end":{"line":147,"column":8}},{"start":{"line":147,"column":8},"end":{"line":147,"column":8}}]},"14":{"line":152,"type":"if","locations":[{"start":{"line":152,"column":8},"end":{"line":152,"column":8}},{"start":{"line":152,"column":8},"end":{"line":152,"column":8}}]}}}}
